src-tauri/plugins/file-open/android/build/intermediates/manifest_merge_blame_file/release/processReleaseManifest/manifest-merger-blame-release-report.txt
1<?xml version="1.0" encoding="utf-8"?>
2<manifest xmlns:android="http://schemas.android.com/apk/res/android"
3    package="com.pandax185.taassistant.fileopen" >
4
5    <uses-sdk android:minSdkVersion="21" />
6
7    <application>
7-->src/main/AndroidManifest.xml:4:5-19:19
8
9        <!--
10             Self-contained provider with a unique authority AND a unique class
11             name (OpenFileProvider) so it never clashes with the FileProvider
12             the host app already declares. The manifest merger keys providers
13             by android:name; reusing androidx.core.content.FileProvider would
14             make one authority silently disappear on merge.
15        -->
16        <provider
16-->src/main/AndroidManifest.xml:10:9-18:20
17            android:name="com.pandax185.taassistant.fileopen.OpenFileProvider"
17-->src/main/AndroidManifest.xml:11:13-79
18            android:authorities="${applicationId}.open.fileprovider"
18-->src/main/AndroidManifest.xml:12:13-69
19            android:exported="false"
19-->src/main/AndroidManifest.xml:13:13-37
20            android:grantUriPermissions="true" >
20-->src/main/AndroidManifest.xml:14:13-47
21            <meta-data
21-->src/main/AndroidManifest.xml:15:13-17:59
22                android:name="android.support.FILE_PROVIDER_PATHS"
22-->src/main/AndroidManifest.xml:16:17-67
23                android:resource="@xml/open_file_paths" />
23-->src/main/AndroidManifest.xml:17:17-56
24        </provider>
25    </application>
26
27</manifest>